#-----------------------------------------------------------
# Vivado v2014.2 (64-bit)
# SW Build 932637 on Wed Jun 11 13:30:22 MDT 2014
# IP Build 924643 on Fri May 30 09:20:16 MDT 2014
# Start of session at: Fri Mar 31 18:20:33 2017
# Process ID: 9008
# Log file: A:/FYP/HLSTutorials/project_hist/project_hist.sdk/webtalk/vivado.log
# Journal file: A:/FYP/HLSTutorials/project_hist/project_hist.sdk/webtalk\vivado.jou
#-----------------------------------------------------------
source sdk.tcl
# webtalk_init -webtalk_dir A:\\FYP\\HLSTutorials\\project_hist\\project_hist.sdk\\webtalk
# webtalk_register_client -client project
# webtalk_add_data -client project -key date_generated -value "Fri Mar 31 18:20:21 2017" -context "software_version_and_target_device"
# webtalk_add_data -client project -key product_version -value "SDK v2014.2" -context "software_version_and_target_device"
# webtalk_add_data -client project -key build_version -value "2014.2" -context "software_version_and_target_device"
# webtalk_add_data -client project -key os_platform -value "amd64" -context "software_version_and_target_device"
# webtalk_add_data -client project -key registration_id -value "176453893_200471044_210637353_003" -context "software_version_and_target_device"
# webtalk_add_data -client project -key tool_flow -value "SDK" -context "software_version_and_target_device"
# webtalk_add_data -client project -key beta -value "false" -context "software_version_and_target_device"
# webtalk_add_data -client project -key route_design -value "NA" -context "software_version_and_target_device"
# webtalk_add_data -client project -key target_family -value "NA" -context "software_version_and_target_device"
# webtalk_add_data -client project -key target_device -value "NA" -context "software_version_and_target_device"
# webtalk_add_data -client project -key target_package -value "NA" -context "software_version_and_target_device"
# webtalk_add_data -client project -key target_speed -value "NA" -context "software_version_and_target_device"
# webtalk_add_data -client project -key random_id -value "hbvtb35i952q9gtjotrdqdka7u" -context "software_version_and_target_device"
# webtalk_add_data -client project -key project_id -value "2014.2_3" -context "software_version_and_target_device"
# webtalk_add_data -client project -key project_iteration -value "3" -context "software_version_and_target_device"
# webtalk_add_data -client project -key os_name -value "Microsoft Windows 7 , 64-bit" -context "user_environment"
# webtalk_add_data -client project -key os_release -value "Service Pack 1  (build 7601)" -context "user_environment"
# webtalk_add_data -client project -key cpu_name -value "Intel(R) Core(TM) i3-2310M CPU @ 2.10GHz" -context "user_environment"
# webtalk_add_data -client project -key cpu_speed -value "2095 MHz" -context "user_environment"
# webtalk_add_data -client project -key total_processors -value "1" -context "user_environment"
# webtalk_add_data -client project -key system_ram -value "6.000 GB" -context "user_environment"
# webtalk_register_client -client sdk
# webtalk_add_data -client sdk -key uid -value "1490939131391" -context "sdk\\\\hardware/1490939131391"
# webtalk_add_data -client sdk -key isZynq -value "true" -context "sdk\\\\hardware/1490939131391"
# webtalk_add_data -client sdk -key Processors -value "2" -context "sdk\\\\hardware/1490939131391"
# webtalk_add_data -client sdk -key VivadoVersion -value "2014.2" -context "sdk\\\\hardware/1490939131391"
# webtalk_add_data -client sdk -key Arch -value "zynq" -context "sdk\\\\hardware/1490939131391"
# webtalk_add_data -client sdk -key Device -value "7z020" -context "sdk\\\\hardware/1490939131391"
# webtalk_add_data -client sdk -key IsHandoff -value "true" -context "sdk\\\\hardware/1490939131391"
# webtalk_add_data -client sdk -key uid -value "1490939735380" -context "sdk\\\\bsp/1490939735380"
# webtalk_add_data -client sdk -key hwid -value "1490939131391" -context "sdk\\\\bsp/1490939735380"
# webtalk_add_data -client sdk -key os -value "standalone" -context "sdk\\\\bsp/1490939735380"
# webtalk_add_data -client sdk -key apptemplate -value "empty_application" -context "sdk\\\\bsp/1490939735380"
# webtalk_add_data -client sdk -key uid -value "1490939741212" -context "sdk\\\\application/1490939741212"
# webtalk_add_data -client sdk -key hwid -value "1490939131391" -context "sdk\\\\application/1490939741212"
# webtalk_add_data -client sdk -key bspid -value "1490939735380" -context "sdk\\\\application/1490939741212"
# webtalk_add_data -client sdk -key newbsp -value "true" -context "sdk\\\\application/1490939741212"
# webtalk_add_data -client sdk -key os -value "standalone" -context "sdk\\\\application/1490939741212"
# webtalk_add_data -client sdk -key apptemplate -value "empty_application" -context "sdk\\\\application/1490939741212"
# webtalk_add_data -client sdk -key uid -value "1490961827127" -context "sdk\\\\bsp/1490961827127"
# webtalk_add_data -client sdk -key hwid -value "1490939131391" -context "sdk\\\\bsp/1490961827127"
# webtalk_add_data -client sdk -key os -value "standalone" -context "sdk\\\\bsp/1490961827127"
# webtalk_add_data -client sdk -key apptemplate -value "empty_application" -context "sdk\\\\bsp/1490961827127"
# webtalk_add_data -client sdk -key uid -value "1490961833224" -context "sdk\\\\application/1490961833224"
# webtalk_add_data -client sdk -key hwid -value "1490939131391" -context "sdk\\\\application/1490961833224"
# webtalk_add_data -client sdk -key bspid -value "1490961827127" -context "sdk\\\\application/1490961833224"
# webtalk_add_data -client sdk -key newbsp -value "true" -context "sdk\\\\application/1490961833224"
# webtalk_add_data -client sdk -key os -value "standalone" -context "sdk\\\\application/1490961833224"
# webtalk_add_data -client sdk -key apptemplate -value "empty_application" -context "sdk\\\\application/1490961833224"
# webtalk_add_data -client sdk -key uid -value "1490961971388" -context "sdk\\\\bsp/1490961971388"
# webtalk_add_data -client sdk -key hwid -value "1490939131391" -context "sdk\\\\bsp/1490961971388"
# webtalk_add_data -client sdk -key os -value "standalone" -context "sdk\\\\bsp/1490961971388"
# webtalk_add_data -client sdk -key apptemplate -value "empty_application" -context "sdk\\\\bsp/1490961971388"
# webtalk_add_data -client sdk -key uid -value "1490961972832" -context "sdk\\\\application/1490961972832"
# webtalk_add_data -client sdk -key hwid -value "1490939131391" -context "sdk\\\\application/1490961972832"
# webtalk_add_data -client sdk -key bspid -value "1490961971388" -context "sdk\\\\application/1490961972832"
# webtalk_add_data -client sdk -key newbsp -value "true" -context "sdk\\\\application/1490961972832"
# webtalk_add_data -client sdk -key os -value "standalone" -context "sdk\\\\application/1490961972832"
# webtalk_add_data -client sdk -key apptemplate -value "empty_application" -context "sdk\\\\application/1490961972832"
# webtalk_add_data -client sdk -key uid -value "1490964351633" -context "sdk\\\\bsp/1490964351633"
# webtalk_add_data -client sdk -key hwid -value "1490939131391" -context "sdk\\\\bsp/1490964351633"
# webtalk_add_data -client sdk -key os -value "standalone" -context "sdk\\\\bsp/1490964351633"
# webtalk_add_data -client sdk -key apptemplate -value "hello_world" -context "sdk\\\\bsp/1490964351633"
# webtalk_add_data -client sdk -key uid -value "1490964352942" -context "sdk\\\\application/1490964352942"
# webtalk_add_data -client sdk -key hwid -value "1490939131391" -context "sdk\\\\application/1490964352942"
# webtalk_add_data -client sdk -key bspid -value "1490964351633" -context "sdk\\\\application/1490964352942"
# webtalk_add_data -client sdk -key newbsp -value "true" -context "sdk\\\\application/1490964352942"
# webtalk_add_data -client sdk -key os -value "standalone" -context "sdk\\\\application/1490964352942"
# webtalk_add_data -client sdk -key apptemplate -value "hello_world" -context "sdk\\\\application/1490964352942"
# webtalk_transmit -clientid 3274337105 -regid "176453893_200471044_210637353_003" -xml A:\\FYP\\HLSTutorials\\project_hist\\project_hist.sdk\\webtalk\\usage_statistics_ext_sdk.xml -html A:\\FYP\\HLSTutorials\\project_hist\\project_hist.sdk\\webtalk\\usage_statistics_ext_sdk.html -wdm A:\\FYP\\HLSTutorials\\project_hist\\project_hist.sdk\\webtalk\\sdk.wdm -intro "<H3>SDK Usage Report</H3><BR>"

    while executing
"webtalk_transmit -clientid 3274337105 -regid "176453893_200471044_210637353_003" -xml A:\\FYP\\HLSTutorials\\project_hist\\project_hist.sdk\\webtalk\\..."
    (file "sdk.tcl" line 72)
INFO: [Common 17-206] Exiting Vivado at Fri Mar 31 18:20:58 2017...
