#-----------------------------------------------------------
# Vivado v2014.2 (64-bit)
# SW Build 932637 on Wed Jun 11 13:30:22 MDT 2014
# IP Build 924643 on Fri May 30 09:20:16 MDT 2014
# Start of session at: Wed Mar 29 13:21:24 2017
# Process ID: 12828
# Log file: A:/FYP/HLSTutorials/project_axis_stream/project_axis_stream.sdk/webtalk/vivado.log
# Journal file: A:/FYP/HLSTutorials/project_axis_stream/project_axis_stream.sdk/webtalk\vivado.jou
#-----------------------------------------------------------
couldn't load library "librdi_tcltasks.dll": invalid argument
Could not load library 'librdi_tcltasks' needed by 'core', please check installation.
    while executing
"error "$result\nCould not load library '$library' needed by '$feature', please check installation.""
    (procedure "rdi::load_library" line 4)
    invoked from within
"rdi::load_library core librdi_tcltasks"
    (file "A:/Vivado/Vivado/2014.2\lib\scripts\rdi\features\core\core.tcl" line 6)
ERROR: [Common 17-217] Failed to load feature 'core'.

    while executing
"source -notrace {A:/Vivado/Vivado/2014.2\lib\scripts\rdi\features\core\core.tcl}"
    invoked from within
"load_features base core vivado"
    (file "A:/Vivado/Vivado/2014.2/lib/scripts/rdi/products/Vivado.tcl" line 9)
INFO: [Common 17-206] Exiting Vivado at Wed Mar 29 13:22:46 2017...
