11:13:55 INFO  : Processing command line option -hwspec A:/FYP/HLSTutorials/project_hist/project_hist.sdk/design_1_wrapper.hdf.
17:23:15 INFO  : FPGA configured successfully with bitstream "A:/FYP/HLSTutorials/project_hist/project_hist.sdk/design_1_wrapper_hw_platform_0/design_1_wrapper.bit"
17:30:29 INFO  : ps7_init is completed.
17:30:29 INFO  : ps7_post_config is completed.
17:30:29 INFO  : Processor reset is completed for ps7_cortexa9_0
17:31:11 INFO  : Processor reset is completed for ps7_cortexa9_0
17:31:50 INFO  : Processor reset is completed for ps7_cortexa9_0
17:32:38 INFO  : Processor reset is completed for ps7_cortexa9_0
17:54:20 INFO  : Processor reset is completed for ps7_cortexa9_0
17:55:14 INFO  : ps7_cortexa9_0 Processor is in use. Please stop existing Run or Debug sessions before launching.
17:55:17 INFO  : Processor reset is completed for ps7_cortexa9_0
17:57:17 INFO  : Processor reset is completed for ps7_cortexa9_0
17:59:27 INFO  : Processor reset is completed for ps7_cortexa9_0
18:04:36 INFO  : Processor reset is completed for ps7_cortexa9_0
18:07:32 INFO  : Processor reset is completed for ps7_cortexa9_0
18:08:17 INFO  : Processor reset is completed for ps7_cortexa9_0
18:17:48 ERROR : Checking FPGA configuration failed..Connection to Board Failed


    Unknown Error Occured
    Cable is not powered-on

18:17:48 ERROR : Unexpected error while launching program.
com.xilinx.sdk.targetmanager.TMException: Connection to Board Failed


    Unknown Error Occured
    Cable is not powered-on

	at com.xilinx.sdk.targetmanager.internal.TM.isFPGAConfigured(TM.java:386)
	at com.xilinx.sdk.debug.core.XilinxAppLaunchConfigurationDelegate.isFpgaConfigured(XilinxAppLaunchConfigurationDelegate.java:297)
	at com.xilinx.sdk.debug.core.XilinxAppLaunchConfigurationDelegate.launch(XilinxAppLaunchConfigurationDelegate.java:245)
	at com.xilinx.sdk.debug.ui.XilinxAppLaunchDelegateWrapper.launch(XilinxAppLaunchDelegateWrapper.java:31)
	at org.eclipse.debug.internal.core.LaunchConfiguration.launch(LaunchConfiguration.java:855)
	at org.eclipse.debug.internal.core.LaunchConfiguration.launch(LaunchConfiguration.java:704)
	at org.eclipse.debug.internal.ui.DebugUIPlugin.buildAndLaunch(DebugUIPlugin.java:1047)
	at org.eclipse.debug.internal.ui.DebugUIPlugin$8.run(DebugUIPlugin.java:1251)
	at org.eclipse.core.internal.jobs.Worker.run(Worker.java:54)
18:18:22 INFO  : ps7_init is completed.
18:18:22 INFO  : ps7_post_config is completed.
18:18:23 INFO  : Processor reset is completed for ps7_cortexa9_0
18:18:49 INFO  : ps7_cortexa9_0 Processor is in use. Please stop existing Run or Debug sessions before launching.
18:18:55 INFO  : Processor reset is completed for ps7_cortexa9_0
18:18:58 ERROR : Unexpected error while launching program.
java.lang.RuntimeException: Failed to download ELF file


    Could not stop the processor after reset


	at com.xilinx.sdk.targetmanager.internal.TM.downloadELF(TM.java:752)
	at com.xilinx.sdk.debug.core.internal.AppRunner.run(AppRunner.java:129)
	at com.xilinx.sdk.debug.core.XilinxAppLaunchConfigurationDelegate.runApplication(XilinxAppLaunchConfigurationDelegate.java:534)
	at com.xilinx.sdk.debug.core.XilinxAppLaunchConfigurationDelegate.launch(XilinxAppLaunchConfigurationDelegate.java:252)
	at com.xilinx.sdk.debug.ui.XilinxAppLaunchDelegateWrapper.launch(XilinxAppLaunchDelegateWrapper.java:31)
	at org.eclipse.debug.internal.core.LaunchConfiguration.launch(LaunchConfiguration.java:855)
	at org.eclipse.debug.internal.core.LaunchConfiguration.launch(LaunchConfiguration.java:704)
	at org.eclipse.debug.internal.ui.DebugUIPlugin.buildAndLaunch(DebugUIPlugin.java:1047)
	at org.eclipse.debug.internal.ui.DebugUIPlugin$8.run(DebugUIPlugin.java:1251)
	at org.eclipse.core.internal.jobs.Worker.run(Worker.java:54)
18:20:04 INFO  : FPGA configured successfully with bitstream "A:/FYP/HLSTutorials/project_hist/project_hist.sdk/design_1_wrapper_hw_platform_0/design_1_wrapper.bit"
18:20:27 ERROR : Unexpected error while parsing XMD response ?: com.google.gson.JsonSyntaxException: com.google.gson.stream.MalformedJsonException: invalid number or unquoted string near 
18:21:54 INFO  : Processing command line option -hwspec A:/FYP/HLSTutorials/project_hist/project_hist.sdk/design_1_wrapper.hdf.
18:21:56 INFO  : Checking for hwspec changes in the project design_1_wrapper_hw_platform_0.
18:22:54 INFO  : ps7_init is completed.
18:22:54 INFO  : ps7_post_config is completed.
18:22:55 INFO  : Processor reset is completed for ps7_cortexa9_0
18:24:04 INFO  : ps7_cortexa9_0 Processor is in use. Please stop existing Run or Debug sessions before launching.
18:24:06 INFO  : Processor reset is completed for ps7_cortexa9_0
18:24:45 INFO  : Processor reset is completed for ps7_cortexa9_0
02:59:46 INFO  : Processing command line option -hwspec A:/FYP/HLSTutorials/project_hist/project_hist.sdk/design_1_wrapper.hdf.
02:59:46 INFO  : Checking for hwspec changes in the project design_1_wrapper_hw_platform_0.
03:19:06 INFO  : FPGA configured successfully with bitstream "A:/FYP/HLSTutorials/project_hist/project_hist.sdk/design_1_wrapper_hw_platform_0/design_1_wrapper.bit"
03:19:26 INFO  : ps7_init is completed.
03:19:26 INFO  : ps7_post_config is completed.
03:19:27 INFO  : Processor reset is completed for ps7_cortexa9_0
13:02:39 ERROR : Unexpected error while fetching XMD's response: 
java.net.SocketException: Connection reset
	at java.net.SocketInputStream.read(SocketInputStream.java:196)
	at java.net.SocketInputStream.read(SocketInputStream.java:122)
	at sun.nio.cs.StreamDecoder.readBytes(StreamDecoder.java:283)
	at sun.nio.cs.StreamDecoder.implRead(StreamDecoder.java:325)
	at sun.nio.cs.StreamDecoder.read(StreamDecoder.java:177)
	at java.io.InputStreamReader.read(InputStreamReader.java:184)
	at java.io.BufferedReader.fill(BufferedReader.java:154)
	at java.io.BufferedReader.read(BufferedReader.java:175)
	at com.xilinx.sdk.targetmanager.internal.json.XMDJSONProcess$CommandResultsReader.run(XMDJSONProcess.java:332)
	at java.lang.Thread.run(Thread.java:724)
13:02:39 ERROR : Zero sized response read from XMD. This indicates a communication error or a programming error.
21:05:49 INFO  : Processing command line option -hwspec A:/FYP/HLSTutorials/project_hist/project_hist.sdk/design_1_wrapper.hdf.
21:05:56 INFO  : Checking for hwspec changes in the project design_1_wrapper_hw_platform_0.
21:12:13 INFO  : ps7_init is completed.
21:12:13 INFO  : ps7_post_config is completed.
21:12:13 INFO  : Processor reset is completed for ps7_cortexa9_0
21:15:28 INFO  : ps7_cortexa9_0 Processor is in use. Please stop existing Run or Debug sessions before launching.
21:15:34 INFO  : Processor reset is completed for ps7_cortexa9_0
21:15:37 ERROR : Unexpected error while launching program.
java.lang.RuntimeException: Target selection failed.
	at com.xilinx.sdk.debug.core.XilinxAppLaunchConfigurationDelegate.debugApplication(XilinxAppLaunchConfigurationDelegate.java:703)
	at com.xilinx.sdk.debug.core.XilinxAppLaunchConfigurationDelegate.launch(XilinxAppLaunchConfigurationDelegate.java:254)
	at com.xilinx.sdk.debug.ui.XilinxAppLaunchDelegateWrapper.launch(XilinxAppLaunchDelegateWrapper.java:31)
	at org.eclipse.debug.internal.core.LaunchConfiguration.launch(LaunchConfiguration.java:855)
	at org.eclipse.debug.internal.core.LaunchConfiguration.launch(LaunchConfiguration.java:704)
	at org.eclipse.debug.internal.ui.DebugUIPlugin.buildAndLaunch(DebugUIPlugin.java:1047)
	at org.eclipse.debug.internal.ui.DebugUIPlugin$8.run(DebugUIPlugin.java:1251)
	at org.eclipse.core.internal.jobs.Worker.run(Worker.java:54)
21:15:58 INFO  : ps7_init is completed.
21:15:58 INFO  : ps7_post_config is completed.
21:15:59 INFO  : Processor reset is completed for ps7_cortexa9_0
21:18:09 INFO  : FPGA configured successfully with bitstream "A:/FYP/HLSTutorials/project_hist/project_hist.sdk/design_1_wrapper_hw_platform_0/design_1_wrapper.bit"
21:18:22 INFO  : Processor reset is completed for ps7_cortexa9_0
21:18:26 ERROR : Unexpected error while launching program.
com.xilinx.sdk.targetmanager.TMException: Error downloading program to target: 
	at com.xilinx.sdk.debug.core.XilinxAppLaunchConfigurationDelegate.loadProgram(XilinxAppLaunchConfigurationDelegate.java:762)
	at com.xilinx.sdk.debug.core.XilinxAppLaunchConfigurationDelegate.debugApplication(XilinxAppLaunchConfigurationDelegate.java:643)
	at com.xilinx.sdk.debug.core.XilinxAppLaunchConfigurationDelegate.launch(XilinxAppLaunchConfigurationDelegate.java:254)
	at com.xilinx.sdk.debug.ui.XilinxAppLaunchDelegateWrapper.launch(XilinxAppLaunchDelegateWrapper.java:31)
	at org.eclipse.debug.internal.core.LaunchConfiguration.launch(LaunchConfiguration.java:855)
	at org.eclipse.debug.internal.core.LaunchConfiguration.launch(LaunchConfiguration.java:704)
	at org.eclipse.debug.internal.ui.DebugUIPlugin.buildAndLaunch(DebugUIPlugin.java:1047)
	at org.eclipse.debug.internal.ui.DebugUIPlugin$8.run(DebugUIPlugin.java:1251)
	at org.eclipse.core.internal.jobs.Worker.run(Worker.java:54)
21:18:43 ERROR : Unexpected error while launching program.
java.lang.RuntimeException: Error in Resetting Target

    Could not stop the processor after reset


	at com.xilinx.sdk.targetmanager.internal.TM.doProcessorReset(TM.java:1153)
	at com.xilinx.sdk.debug.core.XilinxAppLaunchConfigurationDelegate.runTargetSetup(XilinxAppLaunchConfigurationDelegate.java:431)
	at com.xilinx.sdk.debug.core.XilinxAppLaunchConfigurationDelegate.debugApplication(XilinxAppLaunchConfigurationDelegate.java:598)
	at com.xilinx.sdk.debug.core.XilinxAppLaunchConfigurationDelegate.launch(XilinxAppLaunchConfigurationDelegate.java:254)
	at com.xilinx.sdk.debug.ui.XilinxAppLaunchDelegateWrapper.launch(XilinxAppLaunchDelegateWrapper.java:31)
	at org.eclipse.debug.internal.core.LaunchConfiguration.launch(LaunchConfiguration.java:855)
	at org.eclipse.debug.internal.core.LaunchConfiguration.launch(LaunchConfiguration.java:704)
	at org.eclipse.debug.internal.ui.DebugUIPlugin.buildAndLaunch(DebugUIPlugin.java:1047)
	at org.eclipse.debug.internal.ui.DebugUIPlugin$8.run(DebugUIPlugin.java:1251)
	at org.eclipse.core.internal.jobs.Worker.run(Worker.java:54)
21:19:22 INFO  : FPGA configured successfully with bitstream "A:/FYP/HLSTutorials/project_hist/project_hist.sdk/design_1_wrapper_hw_platform_0/design_1_wrapper.bit"
21:19:36 INFO  : ps7_init is completed.
21:19:36 INFO  : ps7_post_config is completed.
21:19:36 INFO  : Processor reset is completed for ps7_cortexa9_0
21:22:33 INFO  : Processor reset is completed for ps7_cortexa9_0
21:27:16 INFO  : Processor reset is completed for ps7_cortexa9_0
21:32:02 INFO  : Processor reset is completed for ps7_cortexa9_0
21:36:42 INFO  : Processor reset is completed for ps7_cortexa9_0
21:38:13 INFO  : Processor reset is completed for ps7_cortexa9_0
21:45:38 INFO  : Processor reset is completed for ps7_cortexa9_0
23:34:40 INFO  : ps7_init is completed.
23:34:40 INFO  : ps7_post_config is completed.
23:34:40 INFO  : Processor reset is completed for ps7_cortexa9_0
23:35:44 ERROR : Port COM83 is already in use.
23:36:26 INFO  : FPGA configured successfully with bitstream "A:/FYP/HLSTutorials/project_hist/project_hist.sdk/design_1_wrapper_hw_platform_0/design_1_wrapper.bit"
23:36:36 INFO  : ps7_init is completed.
23:36:36 INFO  : ps7_post_config is completed.
23:36:36 INFO  : Processor reset is completed for ps7_cortexa9_0
23:37:40 ERROR : Port COM83 is already in use.
23:39:57 INFO  : Processor reset is completed for ps7_cortexa9_0
