Vivado Simulator 2014.2
Copyright 1986-1999, 2001-2014 Xilinx, Inc. All Rights Reserved.
Running: a:/Vivado/Vivado/2014.2/bin/unwrapped/win64.o/xelab.exe xil_defaultlib.apatb_doGain_top -prj doGain.prj --lib ieee_proposed=./ieee_proposed -s doGain 
Multi-threading is on. Using 2 slave threads.
Determining compilation order of HDL files.
INFO: [VRFC 10-165] Analyzing Verilog file "AESL_axi_slave_CRTL_BUS.v" into library xil_defaultlib
INFO: [VRFC 10-311] analyzing module AESL_axi_slave_CRTL_BUS
INFO: [VRFC 10-165] Analyzing Verilog file "AESL_axi_s_inStream.v" into library xil_defaultlib
INFO: [VRFC 10-311] analyzing module AESL_axi_s_inStream
INFO: [VRFC 10-165] Analyzing Verilog file "AESL_axi_s_outStream.v" into library xil_defaultlib
INFO: [VRFC 10-311] analyzing module AESL_axi_s_outStream
INFO: [VRFC 10-165] Analyzing Verilog file "doGain.autotb.v" into library xil_defaultlib
INFO: [VRFC 10-311] analyzing module apatb_doGain_top
INFO: [VRFC 10-165] Analyzing Verilog file "doGain.v" into library xil_defaultlib
INFO: [VRFC 10-311] analyzing module doGain
INFO: [VRFC 10-165] Analyzing Verilog file "doGain_CRTL_BUS_s_axi.v" into library xil_defaultlib
INFO: [VRFC 10-311] analyzing module doGain_CRTL_BUS_s_axi
INFO: [VRFC 10-165] Analyzing Verilog file "doGain_mul_32s_32s_32_6.v" into library xil_defaultlib
INFO: [VRFC 10-311] analyzing module doGain_mul_32s_32s_32_6_MulnS_0
INFO: [VRFC 10-311] analyzing module doGain_mul_32s_32s_32_6
Starting static elaboration
Completed static elaboration
Starting simulation data flow analysis
Completed simulation data flow analysis
Time Resolution for simulation is 1ps
Compiling module xil_defaultlib.doGain_CRTL_BUS_s_axi(C_ADDR_WID...
Compiling module xil_defaultlib.doGain_mul_32s_32s_32_6_MulnS_0
Compiling module xil_defaultlib.doGain_mul_32s_32s_32_6(ID=0,NUM...
Compiling module xil_defaultlib.doGain_default
Compiling module xil_defaultlib.AESL_axi_s_inStream
Compiling module xil_defaultlib.AESL_axi_s_outStream
Compiling module xil_defaultlib.AESL_axi_slave_CRTL_BUS
Compiling module xil_defaultlib.apatb_doGain_top
Waiting for 2 sub-compilation(s) to finish...
Built simulation snapshot doGain
